# JRE version: OpenJDK Runtime Environment Temurin-17.0.15+6 (17.0.15+6) (build 17.0.15+6)
# Java VM: OpenJDK 64-Bit Server VM Temurin-17.0.15+6 (17.0.15+6, mixed mode, sharing, tiered, compressed oops, compressed class ptrs, g1 gc, windows-amd64)
GC Precious Log:
 CPUs: 4 total, 4 available
 Memory: 3997M
 Large Page Support: Disabled
 NUMA Support: Disabled
 Compressed Oops: Enabled (32-bit)
 Heap Region Size: 1M
 Heap Min Capacity: 8M
 Heap Initial Capacity: 64M
 Heap Max Capacity: 1000M
 Pre-touch: Disabled
 Parallel Workers: 4
 Concurrent Workers: 1
 Concurrent Refinement Workers: 4
 Periodic GC: Disabled
Heap:
 garbage-first heap   total 65536K, used 16834K [0x00000000c1800000, 0x0000000100000000)
  region size 1024K, 10 young (10240K), 3 survivors (3072K)
 Metaspace       used 13796K, committed 14080K, reserved 1114112K
  class space    used 1753K, committed 1920K, reserved 1048576K
GC Heap History (6 events):
Event: 2.263 GC heap before
{Heap before GC invocations=0 (full 0):
 garbage-first heap   total 65536K, used 14336K [0x00000000c1800000, 0x0000000100000000)
  region size 1024K, 13 young (13312K), 0 survivors (0K)
 Metaspace       used 5100K, committed 5248K, reserved 1114112K
  class space    used 563K, committed 640K, reserved 1048576K
}
Event: 2.279 GC heap after
{Heap after GC invocations=1 (full 0):
 garbage-first heap   total 65536K, used 7997K [0x00000000c1800000, 0x0000000100000000)
  region size 1024K, 2 young (2048K), 2 survivors (2048K)
 Metaspace       used 5100K, committed 5248K, reserved 1114112K
  class space    used 563K, committed 640K, reserved 1048576K
}
Event: 3.047 GC heap before
{Heap before GC invocations=1 (full 0):
 garbage-first heap   total 65536K, used 16189K [0x00000000c1800000, 0x0000000100000000)
  region size 1024K, 10 young (10240K), 2 survivors (2048K)
 Metaspace       used 7507K, committed 7680K, reserved 1114112K
  class space    used 853K, committed 960K, reserved 1048576K
}
Event: 3.056 GC heap after
{Heap after GC invocations=2 (full 0):
 garbage-first heap   total 65536K, used 9092K [0x00000000c1800000, 0x0000000100000000)
  region size 1024K, 1 young (1024K), 1 survivors (1024K)
 Metaspace       used 7507K, committed 7680K, reserved 1114112K
  class space    used 853K, committed 960K, reserved 1048576K
}
Event: 5.161 GC heap before
{Heap before GC invocations=2 (full 0):
 garbage-first heap   total 65536K, used 28548K [0x00000000c1800000, 0x0000000100000000)
  region size 1024K, 20 young (20480K), 1 survivors (1024K)
 Metaspace       used 12266K, committed 12608K, reserved 1114112K
  class space    used 1551K, committed 1728K, reserved 1048576K
}
Event: 5.171 GC heap after
{Heap after GC invocations=3 (full 0):
 garbage-first heap   total 65536K, used 10690K [0x00000000c1800000, 0x0000000100000000)
  region size 1024K, 3 young (3072K), 3 survivors (3072K)
 Metaspace       used 12266K, committed 12608K, reserved 1114112K
  class space    used 1551K, committed 1728K, reserved 1048576K
}

